<?xml version="1.0" encoding="UTF-8"?>
<testsuite name="com.example.bot.spring.ProjectEnqControllerTest" tests="2" skipped="0" failures="0" errors="0" timestamp="2017-11-20T15:36:26" hostname="Nyanpasu" time="2.927">
  <properties/>
  <testcase name="testBookingEnq" classname="com.example.bot.spring.ProjectEnqControllerTest" time="1.463"/>
  <testcase name="testBookingEnq2" classname="com.example.bot.spring.ProjectEnqControllerTest" time="1.463"/>
  <system-out><![CDATA[2017-11-20 23:36:25.960  INFO 28228 --- [    Test worker] .b.t.c.SpringBootTestContextBootstrapper : Neither @ContextConfiguration nor @ContextHierarchy found for test class [com.example.bot.spring.ProjectEnqControllerTest], using SpringBootContextLoader
2017-11-20 23:36:25.961  INFO 28228 --- [    Test worker] o.s.t.c.support.AbstractContextLoader    : Could not detect default resource locations for test class [com.example.bot.spring.ProjectEnqControllerTest]: no resource found for suffixes {-context.xml, Context.groovy}.
2017-11-20 23:36:25.965  INFO 28228 --- [    Test worker] .b.t.c.SpringBootTestContextBootstrapper : Loaded default TestExecutionListener class names from location [META-INF/spring.factories]: [org.springframework.boot.test.mock.mockito.MockitoTestExecutionListener, org.springframework.boot.test.mock.mockito.ResetMocksTestExecutionListener, org.springframework.boot.test.autoconfigure.restdocs.RestDocsTestExecutionListener, org.springframework.boot.test.autoconfigure.web.client.MockRestServiceServerResetTestExecutionListener, org.springframework.boot.test.autoconfigure.web.servlet.MockMvcPrintOnlyOnFailureTestExecutionListener, org.springframework.boot.test.autoconfigure.web.servlet.WebDriverTestExecutionListener, org.springframework.test.context.web.ServletTestExecutionListener, org.springframework.test.context.support.DirtiesContextBeforeModesTestExecutionListener, org.springframework.test.context.support.DependencyInjectionTestExecutionListener, org.springframework.test.context.support.DirtiesContextTestExecutionListener, org.springframework.test.context.transaction.TransactionalTestExecutionListener, org.springframework.test.context.jdbc.SqlScriptsTestExecutionListener]
2017-11-20 23:36:25.966  INFO 28228 --- [    Test worker] .b.t.c.SpringBootTestContextBootstrapper : Could not instantiate TestExecutionListener [org.springframework.test.context.jdbc.SqlScriptsTestExecutionListener]. Specify custom listener classes or make the default listener classes (and their required dependencies) available. Offending class: [org/springframework/transaction/interceptor/TransactionAttribute]
2017-11-20 23:36:25.967  INFO 28228 --- [    Test worker] .b.t.c.SpringBootTestContextBootstrapper : Could not instantiate TestExecutionListener [org.springframework.test.context.transaction.TransactionalTestExecutionListener]. Specify custom listener classes or make the default listener classes (and their required dependencies) available. Offending class: [org/springframework/transaction/interceptor/TransactionAttributeSource]
2017-11-20 23:36:25.967  INFO 28228 --- [    Test worker] .b.t.c.SpringBootTestContextBootstrapper : Using TestExecutionListeners: [org.springframework.test.context.web.ServletTestExecutionListener@6396cd68, org.springframework.test.context.support.DirtiesContextBeforeModesTestExecutionListener@5507a6ad, org.springframework.boot.test.autoconfigure.SpringBootDependencyInjectionTestExecutionListener@45cf2aca, org.springframework.test.context.support.DirtiesContextTestExecutionListener@582b9cfe, org.springframework.boot.test.autoconfigure.web.client.MockRestServiceServerResetTestExecutionListener@d83f71e, org.springframework.boot.test.mock.mockito.ResetMocksTestExecutionListener@65591acd, org.springframework.boot.test.mock.mockito.MockitoTestExecutionListener@597cf5d6, org.springframework.boot.test.autoconfigure.restdocs.RestDocsTestExecutionListener@5d344e6b, org.springframework.boot.test.autoconfigure.web.servlet.WebDriverTestExecutionListener@4f9d79d4, org.springframework.boot.test.autoconfigure.web.servlet.MockMvcPrintOnlyOnFailureTestExecutionListener@62bf9d98]

  .   ____          _            __ _ _
 /\\ / ___'_ __ _ _(_)_ __  __ _ \ \ \ \
( ( )\___ | '_ | '_| | '_ \/ _` | \ \ \ \
 \\/  ___)| |_)| | | | | || (_| |  ) ) ) )
  '  |____| .__|_| |_|_| |_\__, | / / / /
 =========|_|==============|___/=/_/_/_/
 :: Spring Boot ::        (v1.4.2.RELEASE)

2017-11-20 23:36:26.009  INFO 28228 --- [    Test worker] c.e.bot.spring.ProjectEnqControllerTest  : Starting ProjectEnqControllerTest on Nyanpasu with PID 28228 (started by Alistair in C:\Users\Alistair\Desktop\COMP3111\project repos\chatbot-working-repo\sample-spring-boot-kitchensink)
2017-11-20 23:36:26.009  INFO 28228 --- [    Test worker] c.e.bot.spring.ProjectEnqControllerTest  : No active profile set, falling back to default profiles: default
2017-11-20 23:36:26.015  INFO 28228 --- [    Test worker] o.s.w.c.s.GenericWebApplicationContext   : Refreshing org.springframework.web.context.support.GenericWebApplicationContext@7965bdea: startup date [Mon Nov 20 23:36:26 CST 2017]; root of context hierarchy
2017-11-20 23:36:26.045  INFO 28228 --- [    Test worker] c.e.bot.spring.ProjectEnqControllerTest  : Started ProjectEnqControllerTest in 0.074 seconds (JVM running for 69.427)
2017-11-20 23:36:26.048  INFO 28228 --- [    Test worker] c.example.bot.spring.SQLDatabaseEngine   : Username: wusfbejyowexph Password: 79e590b917bad348679f4ca02f5c93d02efbb282c69b814c4e4848ec9f96a8b1
2017-11-20 23:36:26.048  INFO 28228 --- [    Test worker] c.example.bot.spring.SQLDatabaseEngine   : dbUrl: jdbc:postgresql://ec2-50-17-220-223.compute-1.amazonaws.com:5432/dasu0mq4bcdjr8?ssl=true&sslfactory=org.postgresql.ssl.NonValidatingFactory
2017-11-20 23:36:27.512  INFO 28228 --- [    Test worker] c.example.bot.spring.SQLDatabaseEngine   : Username: wusfbejyowexph Password: 79e590b917bad348679f4ca02f5c93d02efbb282c69b814c4e4848ec9f96a8b1
2017-11-20 23:36:27.512  INFO 28228 --- [    Test worker] c.example.bot.spring.SQLDatabaseEngine   : dbUrl: jdbc:postgresql://ec2-50-17-220-223.compute-1.amazonaws.com:5432/dasu0mq4bcdjr8?ssl=true&sslfactory=org.postgresql.ssl.NonValidatingFactory
]]></system-out>
  <system-err><![CDATA[]]></system-err>
</testsuite>
