<?xml version="1.0" encoding="UTF-8"?>
<testsuite name="com.example.bot.spring.MessageFactoryTest" tests="9" skipped="0" failures="0" errors="0" timestamp="2017-11-20T15:35:38" hostname="Nyanpasu" time="0.137">
  <properties/>
  <testcase name="faultyCarouselInput" classname="com.example.bot.spring.MessageFactoryTest" time="0.004"/>
  <testcase name="testCreateCarouselMessage" classname="com.example.bot.spring.MessageFactoryTest" time="0.011"/>
  <testcase name="testCreateTextMessage" classname="com.example.bot.spring.MessageFactoryTest" time="0.003"/>
  <testcase name="emptyPathConstructor" classname="com.example.bot.spring.MessageFactoryTest" time="0.002"/>
  <testcase name="testCreateMessage" classname="com.example.bot.spring.MessageFactoryTest" time="0.005"/>
  <testcase name="faultyCreateAction" classname="com.example.bot.spring.MessageFactoryTest" time="0.002"/>
  <testcase name="imageConstructor" classname="com.example.bot.spring.MessageFactoryTest" time="0.097"/>
  <testcase name="testFaultyMessage" classname="com.example.bot.spring.MessageFactoryTest" time="0.003"/>
  <testcase name="testCreateImageMessage" classname="com.example.bot.spring.MessageFactoryTest" time="0.002"/>
  <system-out><![CDATA[2017-11-20 23:35:38.804  INFO 28228 --- [    Test worker] .b.t.c.SpringBootTestContextBootstrapper : Neither @ContextConfiguration nor @ContextHierarchy found for test class [com.example.bot.spring.MessageFactoryTest], using SpringBootContextLoader
2017-11-20 23:35:38.806  INFO 28228 --- [    Test worker] o.s.t.c.support.AbstractContextLoader    : Could not detect default resource locations for test class [com.example.bot.spring.MessageFactoryTest]: no resource found for suffixes {-context.xml, Context.groovy}.
2017-11-20 23:35:38.815  INFO 28228 --- [    Test worker] .b.t.c.SpringBootTestContextBootstrapper : Loaded default TestExecutionListener class names from location [META-INF/spring.factories]: [org.springframework.boot.test.mock.mockito.MockitoTestExecutionListener, org.springframework.boot.test.mock.mockito.ResetMocksTestExecutionListener, org.springframework.boot.test.autoconfigure.restdocs.RestDocsTestExecutionListener, org.springframework.boot.test.autoconfigure.web.client.MockRestServiceServerResetTestExecutionListener, org.springframework.boot.test.autoconfigure.web.servlet.MockMvcPrintOnlyOnFailureTestExecutionListener, org.springframework.boot.test.autoconfigure.web.servlet.WebDriverTestExecutionListener, org.springframework.test.context.web.ServletTestExecutionListener, org.springframework.test.context.support.DirtiesContextBeforeModesTestExecutionListener, org.springframework.test.context.support.DependencyInjectionTestExecutionListener, org.springframework.test.context.support.DirtiesContextTestExecutionListener, org.springframework.test.context.transaction.TransactionalTestExecutionListener, org.springframework.test.context.jdbc.SqlScriptsTestExecutionListener]
2017-11-20 23:35:38.816  INFO 28228 --- [        Timer-2] com.linecorp.bot.client.wire             : <-- 401 Unauthorized https://api.line.me/v2/bot/message/push (236ms)
2017-11-20 23:35:38.816  INFO 28228 --- [        Timer-2] com.linecorp.bot.client.wire             : Server: nginx
2017-11-20 23:35:38.816  INFO 28228 --- [        Timer-2] com.linecorp.bot.client.wire             : Content-Type: application/json;charset=UTF-8
2017-11-20 23:35:38.816  INFO 28228 --- [        Timer-2] com.linecorp.bot.client.wire             : X-Line-Request-Id: aed49253-f0b7-4873-8a7a-abe53072bfeb
2017-11-20 23:35:38.816  INFO 28228 --- [        Timer-2] com.linecorp.bot.client.wire             : X-Content-Type-Options: nosniff
2017-11-20 23:35:38.816  INFO 28228 --- [        Timer-2] com.linecorp.bot.client.wire             : X-XSS-Protection: 1; mode=block
2017-11-20 23:35:38.816  INFO 28228 --- [        Timer-2] com.linecorp.bot.client.wire             : X-Frame-Options: DENY
2017-11-20 23:35:38.816  INFO 28228 --- [        Timer-2] com.linecorp.bot.client.wire             : WWW-Authenticate: Bearer error="invalid_token", error_description="invalid token"
2017-11-20 23:35:38.816  INFO 28228 --- [        Timer-2] com.linecorp.bot.client.wire             : Content-Length: 147
2017-11-20 23:35:38.816  INFO 28228 --- [        Timer-2] com.linecorp.bot.client.wire             : Expires: Mon, 20 Nov 2017 15:35:40 GMT
2017-11-20 23:35:38.816  INFO 28228 --- [        Timer-2] com.linecorp.bot.client.wire             : Cache-Control: max-age=0, no-cache, no-store
2017-11-20 23:35:38.816  INFO 28228 --- [        Timer-2] com.linecorp.bot.client.wire             : Pragma: no-cache
2017-11-20 23:35:38.816  INFO 28228 --- [        Timer-2] com.linecorp.bot.client.wire             : Date: Mon, 20 Nov 2017 15:35:40 GMT
2017-11-20 23:35:38.816  INFO 28228 --- [        Timer-2] com.linecorp.bot.client.wire             : Connection: close
2017-11-20 23:35:38.817  INFO 28228 --- [        Timer-2] com.linecorp.bot.client.wire             : 
2017-11-20 23:35:38.817  INFO 28228 --- [        Timer-2] com.linecorp.bot.client.wire             : {"message":"Authentication failed due to the following reason: invalid token. Confirm that the access token in the authorization header is valid."}
2017-11-20 23:35:38.817  INFO 28228 --- [        Timer-2] com.linecorp.bot.client.wire             : <-- END HTTP (147-byte body)
2017-11-20 23:35:38.817  INFO 28228 --- [        Timer-2] com.example.bot.spring.DiscountChecker   : Attempting to send discount message to user Uc6f509fd26149616b2da254542922c35
2017-11-20 23:35:38.819  INFO 28228 --- [    Test worker] .b.t.c.SpringBootTestContextBootstrapper : Could not instantiate TestExecutionListener [org.springframework.test.context.jdbc.SqlScriptsTestExecutionListener]. Specify custom listener classes or make the default listener classes (and their required dependencies) available. Offending class: [org/springframework/transaction/interceptor/TransactionAttribute]
2017-11-20 23:35:38.820  INFO 28228 --- [    Test worker] .b.t.c.SpringBootTestContextBootstrapper : Could not instantiate TestExecutionListener [org.springframework.test.context.transaction.TransactionalTestExecutionListener]. Specify custom listener classes or make the default listener classes (and their required dependencies) available. Offending class: [org/springframework/transaction/interceptor/TransactionAttributeSource]
2017-11-20 23:35:38.820  INFO 28228 --- [    Test worker] .b.t.c.SpringBootTestContextBootstrapper : Using TestExecutionListeners: [org.springframework.test.context.web.ServletTestExecutionListener@5c9164a6, org.springframework.test.context.support.DirtiesContextBeforeModesTestExecutionListener@2a975282, org.springframework.boot.test.autoconfigure.SpringBootDependencyInjectionTestExecutionListener@8833c4d, org.springframework.test.context.support.DirtiesContextTestExecutionListener@3825d097, org.springframework.boot.test.autoconfigure.web.client.MockRestServiceServerResetTestExecutionListener@6f462761, org.springframework.boot.test.mock.mockito.ResetMocksTestExecutionListener@7fd56b49, org.springframework.boot.test.mock.mockito.MockitoTestExecutionListener@6e2541aa, org.springframework.boot.test.autoconfigure.restdocs.RestDocsTestExecutionListener@78128591, org.springframework.boot.test.autoconfigure.web.servlet.WebDriverTestExecutionListener@2631c8dd, org.springframework.boot.test.autoconfigure.web.servlet.MockMvcPrintOnlyOnFailureTestExecutionListener@72ea7071]
2017-11-20 23:35:38.822  INFO 28228 --- [        Timer-2] com.linecorp.bot.client.wire             : --> POST https://api.line.me/v2/bot/message/push http/1.1
2017-11-20 23:35:38.822  INFO 28228 --- [        Timer-2] com.linecorp.bot.client.wire             : Content-Type: application/json; charset=UTF-8
2017-11-20 23:35:38.822  INFO 28228 --- [        Timer-2] com.linecorp.bot.client.wire             : Content-Length: 252
2017-11-20 23:35:38.822  INFO 28228 --- [        Timer-2] com.linecorp.bot.client.wire             : Authorization: Bearer JUST NOTHING
2017-11-20 23:35:38.822  INFO 28228 --- [        Timer-2] com.linecorp.bot.client.wire             : User-Agent: line-botsdk-java/1.9.0-SNAPSHOT
2017-11-20 23:35:38.822  INFO 28228 --- [        Timer-2] com.linecorp.bot.client.wire             : 
2017-11-20 23:35:38.822  INFO 28228 --- [        Timer-2] com.linecorp.bot.client.wire             : {"to":"Uc6f509fd26149616b2da254542922c35","messages":[{"type":"text","text":"3111 brings you limited-time discounts to the best tours in China!\n30% off our Shimen National Forest Tour\n5% off our Kaipinng culture tour \nCheck out our offers today!"}]}
2017-11-20 23:35:38.823  INFO 28228 --- [        Timer-2] com.linecorp.bot.client.wire             : --> END POST (252-byte body)

  .   ____          _            __ _ _
 /\\ / ___'_ __ _ _(_)_ __  __ _ \ \ \ \
( ( )\___ | '_ | '_| | '_ \/ _` | \ \ \ \
 \\/  ___)| |_)| | | | | || (_| |  ) ) ) )
  '  |____| .__|_| |_|_| |_\__, | / / / /
 =========|_|==============|___/=/_/_/_/
 :: Spring Boot ::        (v1.4.2.RELEASE)

2017-11-20 23:35:38.879  INFO 28228 --- [    Test worker] c.example.bot.spring.MessageFactoryTest  : Starting MessageFactoryTest on Nyanpasu with PID 28228 (started by Alistair in C:\Users\Alistair\Desktop\COMP3111\project repos\chatbot-working-repo\sample-spring-boot-kitchensink)
2017-11-20 23:35:38.879  INFO 28228 --- [    Test worker] c.example.bot.spring.MessageFactoryTest  : No active profile set, falling back to default profiles: default
2017-11-20 23:35:38.886  INFO 28228 --- [    Test worker] o.s.w.c.s.GenericWebApplicationContext   : Refreshing org.springframework.web.context.support.GenericWebApplicationContext@71f0b11d: startup date [Mon Nov 20 23:35:38 CST 2017]; root of context hierarchy
2017-11-20 23:35:38.935  INFO 28228 --- [    Test worker] c.example.bot.spring.MessageFactoryTest  : Started MessageFactoryTest in 0.106 seconds (JVM running for 22.316)
2017-11-20 23:35:38.939  INFO 28228 --- [    Test worker] com.example.bot.spring.MessageFactory    : java.lang.ArrayIndexOutOfBoundsException: 2
createCarouselMessage
createTextMessage
createMessage
2017-11-20 23:35:38.968  INFO 28228 --- [    Test worker] com.example.bot.spring.MessageFactory    : Action type not found during carousel creation
2017-11-20 23:35:39.069  INFO 28228 --- [    Test worker] com.example.bot.spring.MessageFactory    : java.lang.ClassCastException: java.lang.String cannot be cast to java.lang.Integer
2017-11-20 23:35:39.069  INFO 28228 --- [    Test worker] com.example.bot.spring.MessageFactory    : Message type not found
createImageMessage
]]></system-out>
  <system-err><![CDATA[]]></system-err>
</testsuite>
