<?xml version="1.0" encoding="UTF-8"?>
<testsuite name="com.example.bot.spring.ProjectFAQHandlerTest" tests="2" skipped="0" failures="0" errors="0" timestamp="2017-11-20T15:36:29" hostname="Nyanpasu" time="3.006">
  <properties/>
  <testcase name="testSearch1" classname="com.example.bot.spring.ProjectFAQHandlerTest" time="1.485"/>
  <testcase name="testSearch2" classname="com.example.bot.spring.ProjectFAQHandlerTest" time="1.52"/>
  <system-out><![CDATA[2017-11-20 23:36:28.975  INFO 28228 --- [    Test worker] .b.t.c.SpringBootTestContextBootstrapper : Neither @ContextConfiguration nor @ContextHierarchy found for test class [com.example.bot.spring.ProjectFAQHandlerTest], using SpringBootContextLoader
2017-11-20 23:36:28.976  INFO 28228 --- [    Test worker] o.s.t.c.support.AbstractContextLoader    : Could not detect default resource locations for test class [com.example.bot.spring.ProjectFAQHandlerTest]: no resource found for suffixes {-context.xml, Context.groovy}.
2017-11-20 23:36:28.981  INFO 28228 --- [    Test worker] .b.t.c.SpringBootTestContextBootstrapper : Loaded default TestExecutionListener class names from location [META-INF/spring.factories]: [org.springframework.boot.test.mock.mockito.MockitoTestExecutionListener, org.springframework.boot.test.mock.mockito.ResetMocksTestExecutionListener, org.springframework.boot.test.autoconfigure.restdocs.RestDocsTestExecutionListener, org.springframework.boot.test.autoconfigure.web.client.MockRestServiceServerResetTestExecutionListener, org.springframework.boot.test.autoconfigure.web.servlet.MockMvcPrintOnlyOnFailureTestExecutionListener, org.springframework.boot.test.autoconfigure.web.servlet.WebDriverTestExecutionListener, org.springframework.test.context.web.ServletTestExecutionListener, org.springframework.test.context.support.DirtiesContextBeforeModesTestExecutionListener, org.springframework.test.context.support.DependencyInjectionTestExecutionListener, org.springframework.test.context.support.DirtiesContextTestExecutionListener, org.springframework.test.context.transaction.TransactionalTestExecutionListener, org.springframework.test.context.jdbc.SqlScriptsTestExecutionListener]
2017-11-20 23:36:28.983  INFO 28228 --- [    Test worker] .b.t.c.SpringBootTestContextBootstrapper : Could not instantiate TestExecutionListener [org.springframework.test.context.jdbc.SqlScriptsTestExecutionListener]. Specify custom listener classes or make the default listener classes (and their required dependencies) available. Offending class: [org/springframework/transaction/interceptor/TransactionAttribute]
2017-11-20 23:36:28.984  INFO 28228 --- [    Test worker] .b.t.c.SpringBootTestContextBootstrapper : Could not instantiate TestExecutionListener [org.springframework.test.context.transaction.TransactionalTestExecutionListener]. Specify custom listener classes or make the default listener classes (and their required dependencies) available. Offending class: [org/springframework/transaction/interceptor/TransactionAttributeSource]
2017-11-20 23:36:28.984  INFO 28228 --- [    Test worker] .b.t.c.SpringBootTestContextBootstrapper : Using TestExecutionListeners: [org.springframework.test.context.web.ServletTestExecutionListener@7351b573, org.springframework.test.context.support.DirtiesContextBeforeModesTestExecutionListener@3716eb0d, org.springframework.boot.test.autoconfigure.SpringBootDependencyInjectionTestExecutionListener@6312b085, org.springframework.test.context.support.DirtiesContextTestExecutionListener@ea93355, org.springframework.boot.test.autoconfigure.web.client.MockRestServiceServerResetTestExecutionListener@70ade5de, org.springframework.boot.test.mock.mockito.ResetMocksTestExecutionListener@70633645, org.springframework.boot.test.mock.mockito.MockitoTestExecutionListener@6033654, org.springframework.boot.test.autoconfigure.restdocs.RestDocsTestExecutionListener@41778e5a, org.springframework.boot.test.autoconfigure.web.servlet.WebDriverTestExecutionListener@5e6b00bf, org.springframework.boot.test.autoconfigure.web.servlet.MockMvcPrintOnlyOnFailureTestExecutionListener@37d3c429]

  .   ____          _            __ _ _
 /\\ / ___'_ __ _ _(_)_ __  __ _ \ \ \ \
( ( )\___ | '_ | '_| | '_ \/ _` | \ \ \ \
 \\/  ___)| |_)| | | | | || (_| |  ) ) ) )
  '  |____| .__|_| |_|_| |_\__, | / / / /
 =========|_|==============|___/=/_/_/_/
 :: Spring Boot ::        (v1.4.2.RELEASE)

2017-11-20 23:36:29.024  INFO 28228 --- [    Test worker] c.e.bot.spring.ProjectFAQHandlerTest     : Starting ProjectFAQHandlerTest on Nyanpasu with PID 28228 (started by Alistair in C:\Users\Alistair\Desktop\COMP3111\project repos\chatbot-working-repo\sample-spring-boot-kitchensink)
2017-11-20 23:36:29.024  INFO 28228 --- [    Test worker] c.e.bot.spring.ProjectFAQHandlerTest     : No active profile set, falling back to default profiles: default
2017-11-20 23:36:29.028  INFO 28228 --- [    Test worker] o.s.w.c.s.GenericWebApplicationContext   : Refreshing org.springframework.web.context.support.GenericWebApplicationContext@4e89c974: startup date [Mon Nov 20 23:36:29 CST 2017]; root of context hierarchy
2017-11-20 23:36:29.049  INFO 28228 --- [    Test worker] c.e.bot.spring.ProjectFAQHandlerTest     : Started ProjectFAQHandlerTest in 0.059 seconds (JVM running for 72.43)
2017-11-20 23:36:29.051  INFO 28228 --- [    Test worker] c.example.bot.spring.SQLDatabaseEngine   : Username: wusfbejyowexph Password: 79e590b917bad348679f4ca02f5c93d02efbb282c69b814c4e4848ec9f96a8b1
2017-11-20 23:36:29.051  INFO 28228 --- [    Test worker] c.example.bot.spring.SQLDatabaseEngine   : dbUrl: jdbc:postgresql://ec2-50-17-220-223.compute-1.amazonaws.com:5432/dasu0mq4bcdjr8?ssl=true&sslfactory=org.postgresql.ssl.NonValidatingFactory
2017-11-20 23:36:30.537  INFO 28228 --- [    Test worker] c.example.bot.spring.SQLDatabaseEngine   : Username: wusfbejyowexph Password: 79e590b917bad348679f4ca02f5c93d02efbb282c69b814c4e4848ec9f96a8b1
2017-11-20 23:36:30.537  INFO 28228 --- [    Test worker] c.example.bot.spring.SQLDatabaseEngine   : dbUrl: jdbc:postgresql://ec2-50-17-220-223.compute-1.amazonaws.com:5432/dasu0mq4bcdjr8?ssl=true&sslfactory=org.postgresql.ssl.NonValidatingFactory
]]></system-out>
  <system-err><![CDATA[]]></system-err>
</testsuite>
