<?xml version="1.0" encoding="UTF-8"?>
<testsuite name="com.example.bot.spring.ProjectSearchControllerTester" tests="9" skipped="0" failures="0" errors="0" timestamp="2017-11-20T15:36:37" hostname="Nyanpasu" time="22.365">
  <properties/>
  <testcase name="showPrevTest" classname="com.example.bot.spring.ProjectSearchControllerTester" time="1.48"/>
  <testcase name="addFilterTest" classname="com.example.bot.spring.ProjectSearchControllerTester" time="0.001"/>
  <testcase name="enterDateTest" classname="com.example.bot.spring.ProjectSearchControllerTester" time="2.984"/>
  <testcase name="showDatesTest" classname="com.example.bot.spring.ProjectSearchControllerTester" time="7.451"/>
  <testcase name="bookBackTest" classname="com.example.bot.spring.ProjectSearchControllerTester" time="1.481"/>
  <testcase name="showDetailsTest" classname="com.example.bot.spring.ProjectSearchControllerTester" time="3.038"/>
  <testcase name="showNextTest" classname="com.example.bot.spring.ProjectSearchControllerTester" time="2.968"/>
  <testcase name="keywordInputTest" classname="com.example.bot.spring.ProjectSearchControllerTester" time="2.955"/>
  <testcase name="unknownTest" classname="com.example.bot.spring.ProjectSearchControllerTester" time="0.001"/>
  <system-out><![CDATA[2017-11-20 23:36:37.599  INFO 28228 --- [    Test worker] .b.t.c.SpringBootTestContextBootstrapper : Neither @ContextConfiguration nor @ContextHierarchy found for test class [com.example.bot.spring.ProjectSearchControllerTester], using SpringBootContextLoader
2017-11-20 23:36:37.599  INFO 28228 --- [    Test worker] o.s.t.c.support.AbstractContextLoader    : Could not detect default resource locations for test class [com.example.bot.spring.ProjectSearchControllerTester]: no resource found for suffixes {-context.xml, Context.groovy}.
2017-11-20 23:36:37.604  INFO 28228 --- [    Test worker] .b.t.c.SpringBootTestContextBootstrapper : Loaded default TestExecutionListener class names from location [META-INF/spring.factories]: [org.springframework.boot.test.mock.mockito.MockitoTestExecutionListener, org.springframework.boot.test.mock.mockito.ResetMocksTestExecutionListener, org.springframework.boot.test.autoconfigure.restdocs.RestDocsTestExecutionListener, org.springframework.boot.test.autoconfigure.web.client.MockRestServiceServerResetTestExecutionListener, org.springframework.boot.test.autoconfigure.web.servlet.MockMvcPrintOnlyOnFailureTestExecutionListener, org.springframework.boot.test.autoconfigure.web.servlet.WebDriverTestExecutionListener, org.springframework.test.context.web.ServletTestExecutionListener, org.springframework.test.context.support.DirtiesContextBeforeModesTestExecutionListener, org.springframework.test.context.support.DependencyInjectionTestExecutionListener, org.springframework.test.context.support.DirtiesContextTestExecutionListener, org.springframework.test.context.transaction.TransactionalTestExecutionListener, org.springframework.test.context.jdbc.SqlScriptsTestExecutionListener]
2017-11-20 23:36:37.605  INFO 28228 --- [    Test worker] .b.t.c.SpringBootTestContextBootstrapper : Could not instantiate TestExecutionListener [org.springframework.test.context.jdbc.SqlScriptsTestExecutionListener]. Specify custom listener classes or make the default listener classes (and their required dependencies) available. Offending class: [org/springframework/transaction/interceptor/TransactionAttribute]
2017-11-20 23:36:37.606  INFO 28228 --- [    Test worker] .b.t.c.SpringBootTestContextBootstrapper : Could not instantiate TestExecutionListener [org.springframework.test.context.transaction.TransactionalTestExecutionListener]. Specify custom listener classes or make the default listener classes (and their required dependencies) available. Offending class: [org/springframework/transaction/interceptor/TransactionAttributeSource]
2017-11-20 23:36:37.606  INFO 28228 --- [    Test worker] .b.t.c.SpringBootTestContextBootstrapper : Using TestExecutionListeners: [org.springframework.test.context.web.ServletTestExecutionListener@309b0a29, org.springframework.test.context.support.DirtiesContextBeforeModesTestExecutionListener@22a5f1b2, org.springframework.boot.test.autoconfigure.SpringBootDependencyInjectionTestExecutionListener@3f2624cd, org.springframework.test.context.support.DirtiesContextTestExecutionListener@52e9bc18, org.springframework.boot.test.autoconfigure.web.client.MockRestServiceServerResetTestExecutionListener@3acb3e2e, org.springframework.boot.test.mock.mockito.ResetMocksTestExecutionListener@37ee60a4, org.springframework.boot.test.mock.mockito.MockitoTestExecutionListener@39e03ad8, org.springframework.boot.test.autoconfigure.restdocs.RestDocsTestExecutionListener@26f65880, org.springframework.boot.test.autoconfigure.web.servlet.WebDriverTestExecutionListener@452f383e, org.springframework.boot.test.autoconfigure.web.servlet.MockMvcPrintOnlyOnFailureTestExecutionListener@1009b7f]

  .   ____          _            __ _ _
 /\\ / ___'_ __ _ _(_)_ __  __ _ \ \ \ \
( ( )\___ | '_ | '_| | '_ \/ _` | \ \ \ \
 \\/  ___)| |_)| | | | | || (_| |  ) ) ) )
  '  |____| .__|_| |_|_| |_\__, | / / / /
 =========|_|==============|___/=/_/_/_/
 :: Spring Boot ::        (v1.4.2.RELEASE)

2017-11-20 23:36:37.639  INFO 28228 --- [    Test worker] c.e.b.s.ProjectSearchControllerTester    : Starting ProjectSearchControllerTester on Nyanpasu with PID 28228 (started by Alistair in C:\Users\Alistair\Desktop\COMP3111\project repos\chatbot-working-repo\sample-spring-boot-kitchensink)
2017-11-20 23:36:37.639  INFO 28228 --- [    Test worker] c.e.b.s.ProjectSearchControllerTester    : No active profile set, falling back to default profiles: default
2017-11-20 23:36:37.643  INFO 28228 --- [    Test worker] o.s.w.c.s.GenericWebApplicationContext   : Refreshing org.springframework.web.context.support.GenericWebApplicationContext@7dd3dc3e: startup date [Mon Nov 20 23:36:37 CST 2017]; root of context hierarchy
2017-11-20 23:36:37.665  INFO 28228 --- [    Test worker] c.e.b.s.ProjectSearchControllerTester    : Started ProjectSearchControllerTester in 0.055 seconds (JVM running for 81.046)
2017-11-20 23:36:37.666  INFO 28228 --- [    Test worker] c.example.bot.spring.SQLDatabaseEngine   : Username: wusfbejyowexph Password: 79e590b917bad348679f4ca02f5c93d02efbb282c69b814c4e4848ec9f96a8b1
2017-11-20 23:36:37.666  INFO 28228 --- [    Test worker] c.example.bot.spring.SQLDatabaseEngine   : dbUrl: jdbc:postgresql://ec2-50-17-220-223.compute-1.amazonaws.com:5432/dasu0mq4bcdjr8?ssl=true&sslfactory=org.postgresql.ssl.NonValidatingFactory
2017-11-20 23:36:39.148  INFO 28228 --- [    Test worker] c.example.bot.spring.SQLDatabaseEngine   : Username: wusfbejyowexph Password: 79e590b917bad348679f4ca02f5c93d02efbb282c69b814c4e4848ec9f96a8b1
2017-11-20 23:36:39.148  INFO 28228 --- [    Test worker] c.example.bot.spring.SQLDatabaseEngine   : dbUrl: jdbc:postgresql://ec2-50-17-220-223.compute-1.amazonaws.com:5432/dasu0mq4bcdjr8?ssl=true&sslfactory=org.postgresql.ssl.NonValidatingFactory
2017-11-20 23:36:40.642  INFO 28228 --- [    Test worker] c.example.bot.spring.SQLDatabaseEngine   : Username: wusfbejyowexph Password: 79e590b917bad348679f4ca02f5c93d02efbb282c69b814c4e4848ec9f96a8b1
2017-11-20 23:36:40.642  INFO 28228 --- [    Test worker] c.example.bot.spring.SQLDatabaseEngine   : dbUrl: jdbc:postgresql://ec2-50-17-220-223.compute-1.amazonaws.com:5432/dasu0mq4bcdjr8?ssl=true&sslfactory=org.postgresql.ssl.NonValidatingFactory
2017-11-20 23:36:42.133  INFO 28228 --- [    Test worker] c.example.bot.spring.SQLDatabaseEngine   : Username: wusfbejyowexph Password: 79e590b917bad348679f4ca02f5c93d02efbb282c69b814c4e4848ec9f96a8b1
2017-11-20 23:36:42.133  INFO 28228 --- [    Test worker] c.example.bot.spring.SQLDatabaseEngine   : dbUrl: jdbc:postgresql://ec2-50-17-220-223.compute-1.amazonaws.com:5432/dasu0mq4bcdjr8?ssl=true&sslfactory=org.postgresql.ssl.NonValidatingFactory
2017-11-20 23:36:43.612  INFO 28228 --- [    Test worker] c.example.bot.spring.SQLDatabaseEngine   : Username: wusfbejyowexph Password: 79e590b917bad348679f4ca02f5c93d02efbb282c69b814c4e4848ec9f96a8b1
2017-11-20 23:36:43.612  INFO 28228 --- [    Test worker] c.example.bot.spring.SQLDatabaseEngine   : dbUrl: jdbc:postgresql://ec2-50-17-220-223.compute-1.amazonaws.com:5432/dasu0mq4bcdjr8?ssl=true&sslfactory=org.postgresql.ssl.NonValidatingFactory
2017-11-20 23:36:45.160  INFO 28228 --- [    Test worker] c.example.bot.spring.SQLDatabaseEngine   : Username: wusfbejyowexph Password: 79e590b917bad348679f4ca02f5c93d02efbb282c69b814c4e4848ec9f96a8b1
2017-11-20 23:36:45.161  INFO 28228 --- [    Test worker] c.example.bot.spring.SQLDatabaseEngine   : dbUrl: jdbc:postgresql://ec2-50-17-220-223.compute-1.amazonaws.com:5432/dasu0mq4bcdjr8?ssl=true&sslfactory=org.postgresql.ssl.NonValidatingFactory
2017-11-20 23:36:46.668  INFO 28228 --- [    Test worker] c.example.bot.spring.SQLDatabaseEngine   : Username: wusfbejyowexph Password: 79e590b917bad348679f4ca02f5c93d02efbb282c69b814c4e4848ec9f96a8b1
2017-11-20 23:36:46.668  INFO 28228 --- [    Test worker] c.example.bot.spring.SQLDatabaseEngine   : dbUrl: jdbc:postgresql://ec2-50-17-220-223.compute-1.amazonaws.com:5432/dasu0mq4bcdjr8?ssl=true&sslfactory=org.postgresql.ssl.NonValidatingFactory
2017-11-20 23:36:48.128  INFO 28228 --- [    Test worker] c.example.bot.spring.SQLDatabaseEngine   : Username: wusfbejyowexph Password: 79e590b917bad348679f4ca02f5c93d02efbb282c69b814c4e4848ec9f96a8b1
2017-11-20 23:36:48.128  INFO 28228 --- [    Test worker] c.example.bot.spring.SQLDatabaseEngine   : dbUrl: jdbc:postgresql://ec2-50-17-220-223.compute-1.amazonaws.com:5432/dasu0mq4bcdjr8?ssl=true&sslfactory=org.postgresql.ssl.NonValidatingFactory
2017-11-20 23:36:49.585  INFO 28228 --- [    Test worker] c.example.bot.spring.SQLDatabaseEngine   : Username: wusfbejyowexph Password: 79e590b917bad348679f4ca02f5c93d02efbb282c69b814c4e4848ec9f96a8b1
2017-11-20 23:36:49.585  INFO 28228 --- [    Test worker] c.example.bot.spring.SQLDatabaseEngine   : dbUrl: jdbc:postgresql://ec2-50-17-220-223.compute-1.amazonaws.com:5432/dasu0mq4bcdjr8?ssl=true&sslfactory=org.postgresql.ssl.NonValidatingFactory
2017-11-20 23:36:51.067  INFO 28228 --- [    Test worker] c.example.bot.spring.SQLDatabaseEngine   : Username: wusfbejyowexph Password: 79e590b917bad348679f4ca02f5c93d02efbb282c69b814c4e4848ec9f96a8b1
2017-11-20 23:36:51.067  INFO 28228 --- [    Test worker] c.example.bot.spring.SQLDatabaseEngine   : dbUrl: jdbc:postgresql://ec2-50-17-220-223.compute-1.amazonaws.com:5432/dasu0mq4bcdjr8?ssl=true&sslfactory=org.postgresql.ssl.NonValidatingFactory
2017-11-20 23:36:52.614  INFO 28228 --- [    Test worker] c.example.bot.spring.SQLDatabaseEngine   : Username: wusfbejyowexph Password: 79e590b917bad348679f4ca02f5c93d02efbb282c69b814c4e4848ec9f96a8b1
2017-11-20 23:36:52.614  INFO 28228 --- [    Test worker] c.example.bot.spring.SQLDatabaseEngine   : dbUrl: jdbc:postgresql://ec2-50-17-220-223.compute-1.amazonaws.com:5432/dasu0mq4bcdjr8?ssl=true&sslfactory=org.postgresql.ssl.NonValidatingFactory
2017-11-20 23:36:54.106  INFO 28228 --- [    Test worker] c.example.bot.spring.SQLDatabaseEngine   : Username: wusfbejyowexph Password: 79e590b917bad348679f4ca02f5c93d02efbb282c69b814c4e4848ec9f96a8b1
2017-11-20 23:36:54.106  INFO 28228 --- [    Test worker] c.example.bot.spring.SQLDatabaseEngine   : dbUrl: jdbc:postgresql://ec2-50-17-220-223.compute-1.amazonaws.com:5432/dasu0mq4bcdjr8?ssl=true&sslfactory=org.postgresql.ssl.NonValidatingFactory
2017-11-20 23:36:55.598  INFO 28228 --- [    Test worker] c.example.bot.spring.SQLDatabaseEngine   : Username: wusfbejyowexph Password: 79e590b917bad348679f4ca02f5c93d02efbb282c69b814c4e4848ec9f96a8b1
2017-11-20 23:36:55.598  INFO 28228 --- [    Test worker] c.example.bot.spring.SQLDatabaseEngine   : dbUrl: jdbc:postgresql://ec2-50-17-220-223.compute-1.amazonaws.com:5432/dasu0mq4bcdjr8?ssl=true&sslfactory=org.postgresql.ssl.NonValidatingFactory
2017-11-20 23:36:57.075  INFO 28228 --- [    Test worker] c.example.bot.spring.SQLDatabaseEngine   : Username: wusfbejyowexph Password: 79e590b917bad348679f4ca02f5c93d02efbb282c69b814c4e4848ec9f96a8b1
2017-11-20 23:36:57.075  INFO 28228 --- [    Test worker] c.example.bot.spring.SQLDatabaseEngine   : dbUrl: jdbc:postgresql://ec2-50-17-220-223.compute-1.amazonaws.com:5432/dasu0mq4bcdjr8?ssl=true&sslfactory=org.postgresql.ssl.NonValidatingFactory
2017-11-20 23:36:58.532  INFO 28228 --- [    Test worker] c.example.bot.spring.SQLDatabaseEngine   : Username: wusfbejyowexph Password: 79e590b917bad348679f4ca02f5c93d02efbb282c69b814c4e4848ec9f96a8b1
2017-11-20 23:36:58.532  INFO 28228 --- [    Test worker] c.example.bot.spring.SQLDatabaseEngine   : dbUrl: jdbc:postgresql://ec2-50-17-220-223.compute-1.amazonaws.com:5432/dasu0mq4bcdjr8?ssl=true&sslfactory=org.postgresql.ssl.NonValidatingFactory
]]></system-out>
  <system-err><![CDATA[]]></system-err>
</testsuite>
